#
# An unexpected error has been detected by HotSpot Virtual Machine:
#
#  EXCEPTION_ACCESS_VIOLATION (0xc0000005) at pc=0x6d779c9d, pid=524, tid=4476
#
# Java VM: Java HotSpot(TM) Client VM (1.5.0_06-b05 mixed mode)
# Problematic frame:
# V  [jvm.dll+0x99c9d]
#

---------------  T H R E A D  ---------------

Current thread (0x0f049220):  JavaThread "Grid.UpdateData" [_thread_in_vm, id=4476]

siginfo: ExceptionCode=0xc0000005, reading address 0x00000000

Registers:
EAX=0x00000000, EBX=0x00020000, ECX=0x0fcdf46c, EDX=0x0f0492e0
ESP=0x0fcdf448, EBP=0x0fcdf498, ESI=0x0fcdf46c, EDI=0x0f562538
EIP=0x6d779c9d, EFLAGS=0x00010246

Top of Stack: (sp=0x0fcdf448)
0x0fcdf448:   6d7685ec 00000000 0f049220 6d7691db
0x0fcdf458:   0f049220 00000000 0fcdf4ac 0f562538
0x0fcdf468:   00000000 0fdc5e30 00020210 0fdc5e38
0x0fcdf478:   00000000 0f560178 00020210 0000898d
0x0fcdf488:   0000000a 0fcdf284 0f0492e0 6d76eebe
0x0fcdf498:   0f0492e0 0f4cb192 0f0492e0 0f15221c
0x0fcdf4a8:   00000000 00000000 00000000 00001000
0x0fcdf4b8:   0f0492e0 0f5645e0 0f0492e0 0f5645e0 

Instructions: (pc=0x6d779c9d)
0x6d779c8d:   44 24 04 24 fc 8b 00 8b 00 c3 8b 44 24 04 24 fc
0x6d779c9d:   8b 00 ff 74 24 04 8b c8 e8 93 fe ff ff c3 8b 44 


Stack: [0x0fca0000,0x0fce0000),  sp=0x0fcdf448,  free space=253k
Native frames: (J=compiled Java code, j=interpreted, Vv=VM code, C=native code)
V  [jvm.dll+0x99c9d]

Java frames: (J=compiled Java code, j=interpreted, Vv=VM code)
j  com.sun.medialib.codec.jpeg.Decoder.njpeg_decode_init(Ljava/lang/Object;)J+0
j  com.sun.medialib.codec.jpeg.Decoder.<init>(Ljavax/imageio/stream/ImageInputStream;)V+45
j  com.sun.media.imageioimpl.plugins.jpeg.CLibJPEGImageReader.decode(Ljava/io/InputStream;)Lcom/sun/medialib/codec/jiio/mediaLibImage;+26
j  com.sun.media.imageioimpl.plugins.clib.CLibImageReader.getImage(I)Lcom/sun/medialib/codec/jiio/mediaLibImage;+80
j  com.sun.media.imageioimpl.plugins.clib.CLibImageReader.read(ILjavax/imageio/ImageReadParam;)Ljava/awt/image/BufferedImage;+35
j  edu.cmu.cs.bungee.javaExtensions.Util.readCompatibleImage(Ljava/io/InputStream;)Ljava/awt/image/BufferedImage;+83
j  edu.cmu.cs.bungee.client.viz.Bungee.ensureItemImage(Ledu/cmu/cs/bungee/client/query/Query$Item;IIILjava/io/InputStream;)Ledu/cmu/cs/bungee/client/viz/ItemImage;+59
J  edu.cmu.cs.bungee.client.viz.ResultsGrid.loadThumbsInternal1(Ljava/sql/ResultSet;Ljava/util/SortedSet;)V
v  ~RuntimeStub::alignment_frame_return Runtime1 stub
j  edu.cmu.cs.bungee.client.viz.ResultsGrid.loadThumbs(Ljava/util/SortedSet;)V+33
J  edu.cmu.cs.bungee.client.viz.ResultsGrid.checkCached(II)V
j  edu.cmu.cs.bungee.client.viz.ResultsGrid.ensureRange()V+494
j  edu.cmu.cs.bungee.client.viz.RangeEnsurer.process()V+4
j  edu.cmu.cs.bungee.javaExtensions.UpdateNoArgsThread.process(Ljava/lang/Object;)V+21
j  edu.cmu.cs.bungee.javaExtensions.QueueThread.run()V+14
v  ~StubRoutines::call_stub

---------------  P R O C E S S  ---------------

Java Threads: ( => current thread )
  0x0ec64e78 JavaThread "Keep-Alive-Timer" daemon [_thread_blocked, id=4892]
  0x0ec65310 JavaThread "DocumentShower" [_thread_blocked, id=5076]
  0x0f2f5798 JavaThread "Replayer" [_thread_blocked, id=4480]
=>0x0f049220 JavaThread "Grid.UpdateData" [_thread_in_vm, id=4476]
  0x0f04b370 JavaThread "ItemSetter" [_thread_blocked, id=4472]
  0x0ecc29e0 JavaThread "TimerQueue" daemon [_thread_blocked, id=4464]
  0x0f19ecf8 JavaThread "NameGetter" [_thread_blocked, id=4460]
  0x0f1f6d08 JavaThread "Prefetcher" [_thread_blocked, id=4456]
  0x0f2e8f90 JavaThread "DataUpdater" [_thread_blocked, id=3384]
  0x002d4eb8 JavaThread "DestroyJavaVM" [_thread_blocked, id=3964]
  0x0003ad00 JavaThread "AWT-EventQueue-0" [_thread_blocked, id=3768]
  0x0f2112f8 JavaThread "AWT-Windows" daemon [_thread_in_native, id=3600]
  0x000373a0 JavaThread "AWT-Shutdown" [_thread_blocked, id=3492]
  0x0ebebde0 JavaThread "Java2D Disposer" daemon [_thread_blocked, id=1368]
  0x0eb2d9f8 JavaThread "Low Memory Detector" daemon [_thread_blocked, id=4112]
  0x0eb2bc98 JavaThread "CompilerThread0" daemon [_thread_blocked, id=4108]
  0x0eb2ad48 JavaThread "Signal Dispatcher" daemon [_thread_blocked, id=4104]
  0x0eb29580 JavaThread "HPROF cpu sampling thread" daemon [_thread_blocked, id=4100]
  0x002d5718 JavaThread "HPROF gc_finish watcher" daemon [_thread_blocked, id=636]
  0x0037f958 JavaThread "Finalizer" daemon [_thread_blocked, id=2592]
  0x0eaf5890 JavaThread "Reference Handler" daemon [_thread_blocked, id=308]

Other Threads:
  0x00351f30 VMThread [id=572]
  0x0eb2efd0 WatcherThread [id=4116]

VM state:synchronizing (normal execution)

VM Mutex/Monitor currently owned by a thread:  ([mutex/lock_event])
[0x002d4560/0x000006cc] Threads_lock - owner thread: 0x00351f30
[0x002d46e0/0x00000690] Heap_lock - owner thread: 0x0003ad00

Heap
 def new generation   total 9088K, used 9085K [0x02a00000, 0x033d0000, 0x033d0000)
  eden space 8128K, 100% used [0x02a00000, 0x031f0000, 0x031f0000)
  from space 960K,  99% used [0x031f0000, 0x032df4c0, 0x032e0000)
  to   space 960K,   0% used [0x032e0000, 0x032e0000, 0x033d0000)
 tenured generation   total 121024K, used 121021K [0x033d0000, 0x0aa00000, 0x0aa00000)
   the space 121024K,  99% used [0x033d0000, 0x0a9ff768, 0x0a9ff800, 0x0aa00000)
 compacting perm gen  total 9216K, used 9165K [0x0aa00000, 0x0b300000, 0x0ea00000)
   the space 9216K,  99% used [0x0aa00000, 0x0b2f3550, 0x0b2f3600, 0x0b300000)
No shared spaces configured.

Dynamic libraries:
0x00400000 - 0x0040c000 	C:\Program Files\Java\jdk1.5.0_06\jre\bin\java.exe
0x7c900000 - 0x7c9b0000 	C:\WINDOWS\system32\ntdll.dll
0x7c800000 - 0x7c8f5000 	C:\WINDOWS\system32\kernel32.dll
0x77dd0000 - 0x77e6b000 	C:\WINDOWS\system32\ADVAPI32.dll
0x77e70000 - 0x77f01000 	C:\WINDOWS\system32\RPCRT4.dll
0x77c10000 - 0x77c68000 	C:\WINDOWS\system32\MSVCRT.dll
0x6d6e0000 - 0x6d874000 	C:\Program Files\Java\jdk1.5.0_06\jre\bin\client\jvm.dll
0x7e410000 - 0x7e4a0000 	C:\WINDOWS\system32\USER32.dll
0x77f10000 - 0x77f57000 	C:\WINDOWS\system32\GDI32.dll
0x76b40000 - 0x76b6d000 	C:\WINDOWS\system32\WINMM.dll
0x76390000 - 0x763ad000 	C:\WINDOWS\system32\IMM32.DLL
0x6d2f0000 - 0x6d2f8000 	C:\Program Files\Java\jdk1.5.0_06\jre\bin\hpi.dll
0x76bf0000 - 0x76bfb000 	C:\WINDOWS\system32\PSAPI.DLL
0x6d300000 - 0x6d31f000 	C:\Program Files\Java\jdk1.5.0_06\jre\bin\hprof.dll
0x71ad0000 - 0x71ad9000 	C:\WINDOWS\system32\WSOCK32.dll
0x71ab0000 - 0x71ac7000 	C:\WINDOWS\system32\WS2_32.dll
0x71aa0000 - 0x71aa8000 	C:\WINDOWS\system32\WS2HELP.dll
0x6d6b0000 - 0x6d6bc000 	C:\Program Files\Java\jdk1.5.0_06\jre\bin\verify.dll
0x6d370000 - 0x6d38d000 	C:\Program Files\Java\jdk1.5.0_06\jre\bin\java.dll
0x6d6d0000 - 0x6d6df000 	C:\Program Files\Java\jdk1.5.0_06\jre\bin\zip.dll
0x6d070000 - 0x6d1d7000 	C:\Program Files\Java\jdk1.5.0_06\jre\bin\awt.dll
0x73000000 - 0x73026000 	C:\WINDOWS\system32\WINSPOOL.DRV
0x774e0000 - 0x7761d000 	C:\WINDOWS\system32\ole32.dll
0x6d200000 - 0x6d22f000 	C:\Program Files\Java\jdk1.5.0_06\jre\bin\cmm.dll
0x6d430000 - 0x6d44f000 	C:\Program Files\Java\jdk1.5.0_06\jre\bin\jpeg.dll
0x10000000 - 0x1000b000 	C:\Program Files\Java\jdk1.5.0_06\jre\bin\clib_jiio_util.dll
0x0f450000 - 0x0f55c000 	C:\Program Files\Java\jdk1.5.0_06\jre\bin\clib_jiio_sse2.dll
0x73760000 - 0x737a9000 	C:\WINDOWS\system32\ddraw.dll
0x73bc0000 - 0x73bc6000 	C:\WINDOWS\system32\DCIMAN32.dll
0x73940000 - 0x73a10000 	C:\WINDOWS\system32\D3DIM700.DLL
0x6d2b0000 - 0x6d2ed000 	C:\Program Files\Java\jdk1.5.0_06\jre\bin\fontmanager.dll
0x74720000 - 0x7476b000 	C:\WINDOWS\system32\MSCTF.dll
0x77b40000 - 0x77b62000 	C:\WINDOWS\system32\apphelp.dll
0x755c0000 - 0x755ee000 	C:\WINDOWS\system32\msctfime.ime
0x7c9c0000 - 0x7d1d7000 	C:\WINDOWS\system32\shell32.dll
0x77f60000 - 0x77fd6000 	C:\WINDOWS\system32\SHLWAPI.dll
0x773d0000 - 0x774d3000 	C:\WINDOWS\WinSxS\x86_Microsoft.Windows.Common-Controls_6595b64144ccf1df_6.0.2600.2982_x-ww_ac3f9c03\comctl32.dll
0x5d090000 - 0x5d12a000 	C:\WINDOWS\system32\comctl32.dll
0x6d530000 - 0x6d543000 	C:\Program Files\Java\jdk1.5.0_06\jre\bin\net.dll
0x6d550000 - 0x6d559000 	C:\Program Files\Java\jdk1.5.0_06\jre\bin\nio.dll
0x71a50000 - 0x71a8f000 	C:\WINDOWS\System32\mswsock.dll
0x76f20000 - 0x76f47000 	C:\WINDOWS\system32\DNSAPI.dll
0x76fb0000 - 0x76fb8000 	C:\WINDOWS\System32\winrnr.dll
0x76f60000 - 0x76f8c000 	C:\WINDOWS\system32\WLDAP32.dll
0x76fc0000 - 0x76fc6000 	C:\WINDOWS\system32\rasadhlp.dll
0x662b0000 - 0x66308000 	C:\WINDOWS\system32\hnetcfg.dll
0x71a90000 - 0x71a98000 	C:\WINDOWS\System32\wshtcpip.dll
0x605d0000 - 0x605d9000 	C:\WINDOWS\system32\mslbui.dll
0x77120000 - 0x771ab000 	C:\WINDOWS\system32\OLEAUT32.DLL
0x6d230000 - 0x6d253000 	C:\Program Files\Java\jdk1.5.0_06\jre\bin\dcpr.dll

VM Arguments:
jvm_args: -Xrunhprof:cpu=samples,thread=n,depth=30,cutoff=0 -enableassertions -Xmx128M -Xms128M
java_command: bungeeClient.jar server=http://localhost/bungee/Bungee&db=music&sessions=-1881811507,755347985,-935615231,2011516246,-1342196349,-1373998613,-490555336,-196800060,834864906,-1478091337,1401274908,-1526385586,135665127,-1260684310,-1595927102,-724222659,1908868019,-1227359890,-454634034,2097583612,560312889,1020206762,-1971858243,223015108,-1892227433,204911363,1354764323,-253975943,-591942651,2010569800,824761177,410461710,-263932674,-325104817,-1349218649,1614749195,1236028226,-1744277611,714276423,255119412,29316761,-1266762930,-1979818302,832422851,-969383597,1734726979,-349198108,2043270530,954918634,-883265514,-617247772,867309035,606809120,413684929,681917935,-1295961322,1625627168,-2027826532,747365536,-2006522234,64330356,1867302997,-1297364089,315914028,-1256967619,-1166816649,853073605,1499313418,-747253223,1436698255,-1393291914,-406517342,581055301,-669591620,1641340959,-1579216712,-454816546,846852560,593973268,130291187,1859350042,1762428999,1041084020,-1431281432,67996675,1969277219,-1306773916,-37667137,475890917,-375358590,1208014310,-2111820369,-835696446,42576720,-1040419894,321871277
Launcher Type: SUN_STANDARD

Environment Variables:
JAVA_HOME=C:\Program Files\Java\jdk1.5.0_06
PATH=C:\Python25\;C:\Program Files\Java\jdk1.5.0_06\jre\bin;C:\Perl\bin\;C:\WINDOWS\system32;C:\WINDOWS;C:\WINDOWS\System32\Wbem;C:\Program Files\MIT\Kerberos\bin;C:\Program Files\Common Files\GTK\2.0\bin;C:\Program Files\CVS\cvsnt;C:\Program Files\OpenAFS\Common;C:\Program Files\OpenAFS\Client\Program;C:\Program Files\Java\jdk1.5.0_06;C:\cygwin\bin;C:\Program Files\Subversion\bin;aultS-1-5-21xˆ
USERNAME=mad
OS=Windows_NT
PROCESSOR_IDENTIFIER=x86 Family 6 Model 14 Stepping 8, GenuineIntel



---------------  S Y S T E M  ---------------

OS: Windows XP Build 2600 Service Pack 2

CPU:total 2 family 6, cmov, cx8, fxsr, mmx, sse, sse2, ht

Memory: 4k page, physical 1038712k(192400k free), swap 2499752k(1394440k free)

vm_info: Java HotSpot(TM) Client VM (1.5.0_06-b05) for windows-x86, built on Nov 10 2005 11:12:14 by "java_re" with MS VC++ 6.0

