#
# An unexpected error has been detected by HotSpot Virtual Machine:
#
#  EXCEPTION_ACCESS_VIOLATION (0xc0000005) at pc=0x0b8132fb, pid=1612, tid=4972
#
# Java VM: Java HotSpot(TM) Client VM (1.5.0_06-b05 mixed mode)
# Problematic frame:
# C  [clib_jiio_sse2.dll+0xc32fb]
#

---------------  T H R E A D  ---------------

Current thread (0x0ad6ba90):  JavaThread "AWT-EventQueue-0" [_thread_in_native, id=4972]

siginfo: ExceptionCode=0xc0000005, reading address 0x0bdd4000

Registers:
EAX=0x0bdd3f90, EBX=0x0bdd36d8, ECX=0x0bdd3678, EDX=0x00000020
ESP=0x0b0ef540, EBP=0x0b0ef5c8, ESI=0x0bdd3fc0, EDI=0x0bdd3ff0
EIP=0x0b8132fb, EFLAGS=0x00010287

Top of Stack: (sp=0x0b0ef540)
0x0b0ef540:   00000030 0058002b 00000000 0022001b
0x0b0ef550:   80008000 80008000 80008000 0bdd3638
0x0b0ef560:   00000030 0bdd36d8 00000030 0b865c50
0x0b0ef570:   80808080 80808080 80808080 80808080
0x0b0ef580:   80808080 80808080 80808080 80808080
0x0b0ef590:   80808080 80808080 80808080 80808080
0x0b0ef5a0:   80808080 80808080 80808080 80808080
0x0b0ef5b0:   80808080 0b0ef674 00000006 00000030 

Instructions: (pc=0x0b8132fb)
0x0b8132eb:   6f 46 ff f3 0f 6f 1e f3 0f 6f 57 ff f3 0f 6f 27
0x0b8132fb:   f3 0f 6f 77 01 f3 0f 6f 7e 01 66 0f 7f 44 24 30 


Stack: [0x0b0b0000,0x0b0f0000),  sp=0x0b0ef540,  free space=253k
Native frames: (J=compiled Java code, j=interpreted, Vv=VM code, C=native code)
C  [clib_jiio_sse2.dll+0xc32fb]

Java frames: (J=compiled Java code, j=interpreted, Vv=VM code)
j  com.sun.medialib.codec.jpeg.Decoder.njpeg_decode(J[I)V+0
j  com.sun.medialib.codec.jpeg.Decoder.decode(Lcom/sun/medialib/codec/jiio/mediaLibImage;)Lcom/sun/medialib/codec/jiio/mediaLibImage;+20
j  com.sun.media.imageioimpl.plugins.jpeg.CLibJPEGImageReader.decode(Ljava/io/InputStream;)Lcom/sun/medialib/codec/jiio/mediaLibImage;+44
j  com.sun.media.imageioimpl.plugins.clib.CLibImageReader.getImage(I)Lcom/sun/medialib/codec/jiio/mediaLibImage;+80
j  com.sun.media.imageioimpl.plugins.clib.CLibImageReader.read(ILjavax/imageio/ImageReadParam;)Ljava/awt/image/BufferedImage;+35
j  edu.cmu.cs.bungee.javaExtensions.Util.readCompatibleImage(Ljava/io/InputStream;)Ljava/awt/image/BufferedImage;+83
j  edu.cmu.cs.bungee.client.viz.Bungee.ensureItemImage(Ledu/cmu/cs/bungee/client/query/Query$Item;IIILjava/io/InputStream;)Ledu/cmu/cs/bungee/client/viz/ItemImage;+56
j  edu.cmu.cs.bungee.client.viz.ResultsGrid.loadThumbs(Ljava/util/SortedSet;)V+160
J  edu.cmu.cs.bungee.client.viz.ResultsGrid.checkCached(II)V
j  edu.cmu.cs.bungee.client.viz.ResultsGrid.ensureRange()V+494
j  edu.cmu.cs.bungee.client.viz.ResultsGrid.clickThumb(Ledu/cmu/cs/bungee/client/query/Query$Item;)V+123
j  edu.cmu.cs.bungee.client.viz.Bungee.replayOp()V+312
j  edu.cmu.cs.bungee.client.viz.Bungee$2.run()V+7
J  java.awt.event.InvocationEvent.dispatch()V
J  java.awt.EventQueue.dispatchEvent(Ljava/awt/AWTEvent;)V
J  java.awt.EventDispatchThread.pumpOneEventForHierarchy(ILjava/awt/Component;)Z
J  java.awt.EventDispatchThread.pumpEventsForHierarchy(ILjava/awt/Conditional;Ljava/awt/Component;)V
v  ~OSRAdapter
j  java.awt.EventDispatchThread.pumpEvents(ILjava/awt/Conditional;)V+4
j  java.awt.EventDispatchThread.pumpEvents(Ljava/awt/Conditional;)V+3
j  java.awt.EventDispatchThread.run()V+9
v  ~StubRoutines::call_stub

---------------  P R O C E S S  ---------------

Java Threads: ( => current thread )
  0x0b4a4f70 JavaThread "Keep-Alive-Timer" daemon [_thread_blocked, id=4328]
  0x0ac5e730 JavaThread "RMI TCP Connection(4)-192.168.1.47" daemon [_thread_in_native, id=872]
  0x0b389238 JavaThread "DocumentShower" [_thread_blocked, id=4768]
  0x0b4a5388 JavaThread "JMX server connection timeout 26" daemon [_thread_blocked, id=3208]
  0x0b4a5510 JavaThread "RMI LeaseChecker" daemon [_thread_blocked, id=5204]
  0x0b4a5820 JavaThread "RMI TCP Connection(1)-192.168.1.47" daemon [_thread_blocked, id=1172]
  0x0b45ccd8 JavaThread "Replayer" [_thread_blocked, id=4876]
  0x0b462758 JavaThread "Grid.UpdateData" [_thread_blocked, id=5256]
  0x0b464498 JavaThread "ItemSetter" [_thread_blocked, id=4460]
  0x0b454e28 JavaThread "TimerQueue" daemon [_thread_blocked, id=6068]
  0x0addac68 JavaThread "NameGetter" [_thread_blocked, id=4988]
  0x0b382528 JavaThread "Prefetcher" [_thread_blocked, id=4424]
  0x0add5cf8 JavaThread "DataUpdater" [_thread_blocked, id=2984]
  0x00280be8 JavaThread "DestroyJavaVM" [_thread_blocked, id=4844]
=>0x0ad6ba90 JavaThread "AWT-EventQueue-0" [_thread_in_native, id=4972]
  0x0ad3b670 JavaThread "AWT-Windows" daemon [_thread_in_native, id=5620]
  0x0ad36450 JavaThread "AWT-Shutdown" [_thread_blocked, id=5548]
  0x0ad3dae0 JavaThread "Java2D Disposer" daemon [_thread_blocked, id=5148]
  0x0acfbd68 JavaThread "RMI TCP Accept-0" daemon [_thread_in_native, id=4840]
  0x0ac28db0 JavaThread "Timer-0" daemon [_thread_blocked, id=6120]
  0x003446f0 JavaThread "Low Memory Detector" daemon [_thread_blocked, id=4456]
  0x00343350 JavaThread "CompilerThread0" daemon [_thread_blocked, id=4676]
  0x003426a8 JavaThread "Signal Dispatcher" daemon [_thread_blocked, id=2144]
  0x00339620 JavaThread "Finalizer" daemon [_thread_blocked, id=4468]
  0x00338188 JavaThread "Reference Handler" daemon [_thread_blocked, id=3464]

Other Threads:
  0x00335760 VMThread [id=4308]
  0x0ad00188 WatcherThread [id=6112]

VM state:not at safepoint (normal execution)

VM Mutex/Monitor currently owned by a thread: None

Heap
 def new generation   total 4544K, used 3417K [0x029f0000, 0x02ed0000, 0x02ed0000)
  eden space 4096K,  83% used [0x029f0000, 0x02d46638, 0x02df0000)
  from space 448K,   0% used [0x02df0000, 0x02df0000, 0x02e60000)
  to   space 448K,   0% used [0x02e60000, 0x02e60000, 0x02ed0000)
 tenured generation   total 60544K, used 47773K [0x02ed0000, 0x069f0000, 0x069f0000)
   the space 60544K,  78% used [0x02ed0000, 0x05d774d8, 0x05d77600, 0x069f0000)
 compacting perm gen  total 11264K, used 10888K [0x069f0000, 0x074f0000, 0x0a9f0000)
   the space 11264K,  96% used [0x069f0000, 0x074920f8, 0x07492200, 0x074f0000)
No shared spaces configured.

Dynamic libraries:
0x00400000 - 0x0040c000 	C:\Program Files\Java\jdk1.5.0_06\jre\bin\java.exe
0x7c900000 - 0x7c9b0000 	C:\WINDOWS\system32\ntdll.dll
0x7c800000 - 0x7c8f5000 	C:\WINDOWS\system32\kernel32.dll
0x77dd0000 - 0x77e6b000 	C:\WINDOWS\system32\ADVAPI32.dll
0x77e70000 - 0x77f01000 	C:\WINDOWS\system32\RPCRT4.dll
0x77c10000 - 0x77c68000 	C:\WINDOWS\system32\MSVCRT.dll
0x6d6e0000 - 0x6d874000 	C:\Program Files\Java\jdk1.5.0_06\jre\bin\client\jvm.dll
0x7e410000 - 0x7e4a0000 	C:\WINDOWS\system32\USER32.dll
0x77f10000 - 0x77f57000 	C:\WINDOWS\system32\GDI32.dll
0x76b40000 - 0x76b6d000 	C:\WINDOWS\system32\WINMM.dll
0x76390000 - 0x763ad000 	C:\WINDOWS\system32\IMM32.DLL
0x6d2f0000 - 0x6d2f8000 	C:\Program Files\Java\jdk1.5.0_06\jre\bin\hpi.dll
0x76bf0000 - 0x76bfb000 	C:\WINDOWS\system32\PSAPI.DLL
0x6d6b0000 - 0x6d6bc000 	C:\Program Files\Java\jdk1.5.0_06\jre\bin\verify.dll
0x6d370000 - 0x6d38d000 	C:\Program Files\Java\jdk1.5.0_06\jre\bin\java.dll
0x6d6d0000 - 0x6d6df000 	C:\Program Files\Java\jdk1.5.0_06\jre\bin\zip.dll
0x6d520000 - 0x6d528000 	C:\Program Files\Java\jdk1.5.0_06\jre\bin\management.dll
0x6d530000 - 0x6d543000 	C:\Program Files\Java\jdk1.5.0_06\jre\bin\net.dll
0x71ab0000 - 0x71ac7000 	C:\WINDOWS\system32\WS2_32.dll
0x71aa0000 - 0x71aa8000 	C:\WINDOWS\system32\WS2HELP.dll
0x71a50000 - 0x71a8f000 	C:\WINDOWS\System32\mswsock.dll
0x76f20000 - 0x76f47000 	C:\WINDOWS\system32\DNSAPI.dll
0x76fb0000 - 0x76fb8000 	C:\WINDOWS\System32\winrnr.dll
0x76f60000 - 0x76f8c000 	C:\WINDOWS\system32\WLDAP32.dll
0x76fc0000 - 0x76fc6000 	C:\WINDOWS\system32\rasadhlp.dll
0x0ffd0000 - 0x0fff8000 	C:\WINDOWS\system32\rsaenh.dll
0x769c0000 - 0x76a73000 	C:\WINDOWS\system32\USERENV.dll
0x5b860000 - 0x5b8b4000 	C:\WINDOWS\system32\netapi32.dll
0x662b0000 - 0x66308000 	C:\WINDOWS\system32\hnetcfg.dll
0x71a90000 - 0x71a98000 	C:\WINDOWS\System32\wshtcpip.dll
0x6d070000 - 0x6d1d7000 	C:\Program Files\Java\jdk1.5.0_06\jre\bin\awt.dll
0x73000000 - 0x73026000 	C:\WINDOWS\system32\WINSPOOL.DRV
0x774e0000 - 0x7761d000 	C:\WINDOWS\system32\ole32.dll
0x73760000 - 0x737a9000 	C:\WINDOWS\system32\ddraw.dll
0x73bc0000 - 0x73bc6000 	C:\WINDOWS\system32\DCIMAN32.dll
0x73940000 - 0x73a10000 	C:\WINDOWS\system32\D3DIM700.DLL
0x6d2b0000 - 0x6d2ed000 	C:\Program Files\Java\jdk1.5.0_06\jre\bin\fontmanager.dll
0x74720000 - 0x7476b000 	C:\WINDOWS\system32\MSCTF.dll
0x77b40000 - 0x77b62000 	C:\WINDOWS\system32\apphelp.dll
0x755c0000 - 0x755ee000 	C:\WINDOWS\system32\msctfime.ime
0x7c9c0000 - 0x7d1d7000 	C:\WINDOWS\system32\shell32.dll
0x77f60000 - 0x77fd6000 	C:\WINDOWS\system32\SHLWAPI.dll
0x773d0000 - 0x774d3000 	C:\WINDOWS\WinSxS\x86_Microsoft.Windows.Common-Controls_6595b64144ccf1df_6.0.2600.2982_x-ww_ac3f9c03\comctl32.dll
0x5d090000 - 0x5d12a000 	C:\WINDOWS\system32\comctl32.dll
0x605d0000 - 0x605d9000 	C:\WINDOWS\system32\mslbui.dll
0x77120000 - 0x771ab000 	C:\WINDOWS\system32\OLEAUT32.DLL
0x6d550000 - 0x6d559000 	C:\Program Files\Java\jdk1.5.0_06\jre\bin\nio.dll
0x6d200000 - 0x6d22f000 	C:\Program Files\Java\jdk1.5.0_06\jre\bin\cmm.dll
0x6d430000 - 0x6d44f000 	C:\Program Files\Java\jdk1.5.0_06\jre\bin\jpeg.dll
0x10000000 - 0x1000b000 	C:\Program Files\Java\jdk1.5.0_06\jre\bin\clib_jiio_util.dll
0x0b750000 - 0x0b85c000 	C:\Program Files\Java\jdk1.5.0_06\jre\bin\clib_jiio_sse2.dll
0x6d230000 - 0x6d253000 	C:\Program Files\Java\jdk1.5.0_06\jre\bin\dcpr.dll
0x6d660000 - 0x6d666000 	C:\Program Files\Java\jdk1.5.0_06\jre\bin\rmi.dll

VM Arguments:
jvm_args: -Dcom.sun.management.jmxremote
java_command: bungeeClient.jar server=http://localhost/bungee/Bungee&db=hp2&sessions=1646239866,1130570747,-114455497,819394695,522202295,1441251440,-1119010634,39883941,-1133392865,-1047162471,238840720,1438506896,-578762503,731549260,-386551899,1633038380,-1605654931,1397494693,-1363667620,677644013,1855459211,-654251119,1880304162,2082962301,1987823201,1940215250,135545364,-763040342,234663686,2114692430,1342135114,292042581,1493708624,-1050836193,-4209019,1127136268,-1206484369,1207622270,-643066586,1856747672,399332082,-69737374,-636717164,603158448,1682471127,-1383765666,-644347917,-2124112172,-603044113,-228245880,-1830469963,225962093,1406202856,1302492696,-240072045,1963776126,-792903320,1103346298,1104645714,-1261373166,1256269074,-596359323,-1399340130,1720591639,1502990500,-802928426,1086089637,1455217224,1245130656,1563597300,1115027777,-244008754,842608973,375298299,2037639991,1714545613,-1914270421,668654657,-393857199,-978712910,1170168405,-992838646,1636386809,1321325905,656005351,1801446704,1568094733,-2037240259,820360778,1872332049,1398735865,-2007426411,-1435393869,186503785,-1192476753,1038248177,302048432,794263957,819887027,1358253842,1478473405,208919137,1680998490,-123269170,-202962495,1939705491,1012333121,-588561462,-475117054,246624802,1163989920,2008943208,443259907,-1144230889,1218896556,500750007,450500657,-1832854398,382300606,-1496354677,460161300,1475929188,-1852460882,-2113110196,-97670397,579808579,1123006641,1622731455,-1547761006,1793521189,-1674301809,756909048,1302362318,-1427753811,-894720590,1342980274,-931633392,2116359236,1509194614,-1035178351,99831407,2003768899,773163483,-1198347044,-847550114,1541906049,-1816356809,-954093885,-947257469,-1800565139,1450983797,434910501,1746454272,-1106543673,1214191340,-997260354,928808410,920719280,-1069553220,1047137582,345585224,1996890242,-428328706,-353847049,2100267397,-552850478,-199350164,-2114196820,-1076209856,1726018790,1238936333,1504920685,1536830931,-323419309,-1901202
Launcher Type: SUN_STANDARD

Environment Variables:
JAVA_HOME=C:\Program Files\Java\jdk1.5.0_06
PATH=C:\Python25\;C:\Program Files\Java\jdk1.5.0_06\jre\bin;C:\Perl\bin\;C:\WINDOWS\system32;C:\WINDOWS;C:\WINDOWS\System32\Wbem;C:\Program Files\MIT\Kerberos\bin;C:\Program Files\Common Files\GTK\2.0\bin;C:\Program Files\CVS\cvsnt;C:\Program Files\OpenAFS\Common;C:\Program Files\OpenAFS\Client\Program;C:\Program Files\Java\jdk1.5.0_06;C:\cygwin\bin;C:\Program Files\Subversion\bin;aultS-1-5-21xˆ
USERNAME=mad
OS=Windows_NT
PROCESSOR_IDENTIFIER=x86 Family 6 Model 14 Stepping 8, GenuineIntel



---------------  S Y S T E M  ---------------

OS: Windows XP Build 2600 Service Pack 2

CPU:total 2 family 6, cmov, cx8, fxsr, mmx, sse, sse2, ht

Memory: 4k page, physical 1038712k(276420k free), swap 2499752k(1184116k free)

vm_info: Java HotSpot(TM) Client VM (1.5.0_06-b05) for windows-x86, built on Nov 10 2005 11:12:14 by "java_re" with MS VC++ 6.0

